{"total": {"lines":{"total":171,"covered":144,"skipped":0,"pct":84.21},"statements":{"total":171,"covered":144,"skipped":0,"pct":84.21},"functions":{"total":36,"covered":27,"skipped":0,"pct":75},"branches":{"total":24,"covered":7,"skipped":0,"pct":29.16},"branchesTrue":{"total":0,"covered":0,"skipped":0,"pct":100}}
,"C:\\Users\\Admin\\node-rest-api\\server.js": {"lines":{"total":27,"covered":27,"skipped":0,"pct":100},"functions":{"total":2,"covered":2,"skipped":0,"pct":100},"statements":{"total":27,"covered":27,"skipped":0,"pct":100},"branches":{"total":0,"covered":0,"skipped":0,"pct":100}}
,"C:\\Users\\Admin\\node-rest-api\\middleware\\authMiddleware.js": {"lines":{"total":11,"covered":3,"skipped":0,"pct":27.27},"functions":{"total":2,"covered":0,"skipped":0,"pct":0},"statements":{"total":11,"covered":3,"skipped":0,"pct":27.27},"branches":{"total":4,"covered":0,"skipped":0,"pct":0}}
,"C:\\Users\\Admin\\node-rest-api\\models\\Post.js": {"lines":{"total":4,"covered":4,"skipped":0,"pct":100},"functions":{"total":0,"covered":0,"skipped":0,"pct":100},"statements":{"total":4,"covered":4,"skipped":0,"pct":100},"branches":{"total":0,"covered":0,"skipped":0,"pct":100}}
,"C:\\Users\\Admin\\node-rest-api\\models\\User.js": {"lines":{"total":17,"covered":15,"skipped":0,"pct":88.23},"functions":{"total":2,"covered":2,"skipped":0,"pct":100},"statements":{"total":17,"covered":15,"skipped":0,"pct":88.23},"branches":{"total":4,"covered":2,"skipped":0,"pct":50}}
,"C:\\Users\\Admin\\node-rest-api\\models\\message.js": {"lines":{"total":4,"covered":4,"skipped":0,"pct":100},"functions":{"total":0,"covered":0,"skipped":0,"pct":100},"statements":{"total":4,"covered":4,"skipped":0,"pct":100},"branches":{"total":0,"covered":0,"skipped":0,"pct":100}}
,"C:\\Users\\Admin\\node-rest-api\\routes\\Posts.js": {"lines":{"total":46,"covered":37,"skipped":0,"pct":80.43},"functions":{"total":15,"covered":11,"skipped":0,"pct":73.33},"statements":{"total":46,"covered":37,"skipped":0,"pct":80.43},"branches":{"total":10,"covered":4,"skipped":0,"pct":40}}
,"C:\\Users\\Admin\\node-rest-api\\routes\\auth.js": {"lines":{"total":27,"covered":25,"skipped":0,"pct":92.59},"functions":{"total":4,"covered":4,"skipped":0,"pct":100},"statements":{"total":27,"covered":25,"skipped":0,"pct":92.59},"branches":{"total":0,"covered":0,"skipped":0,"pct":100}}
,"C:\\Users\\Admin\\node-rest-api\\routes\\messages.js": {"lines":{"total":26,"covered":21,"skipped":0,"pct":80.76},"functions":{"total":8,"covered":6,"skipped":0,"pct":75},"statements":{"total":26,"covered":21,"skipped":0,"pct":80.76},"branches":{"total":4,"covered":1,"skipped":0,"pct":25}}
,"C:\\Users\\Admin\\node-rest-api\\routes\\users.js": {"lines":{"total":9,"covered":8,"skipped":0,"pct":88.88},"functions":{"total":3,"covered":2,"skipped":0,"pct":66.66},"statements":{"total":9,"covered":8,"skipped":0,"pct":88.88},"branches":{"total":2,"covered":0,"skipped":0,"pct":0}}
}
