{"total": {"lines":{"total":236,"covered":151,"skipped":0,"pct":63.98},"statements":{"total":236,"covered":151,"skipped":0,"pct":63.98},"functions":{"total":47,"covered":26,"skipped":0,"pct":55.31},"branches":{"total":56,"covered":13,"skipped":0,"pct":23.21},"branchesTrue":{"total":0,"covered":0,"skipped":0,"pct":100}}
,"C:\\Users\\Admin\\NODE-REST-API\\server.js": {"lines":{"total":29,"covered":29,"skipped":0,"pct":100},"functions":{"total":1,"covered":1,"skipped":0,"pct":100},"statements":{"total":29,"covered":29,"skipped":0,"pct":100},"branches":{"total":2,"covered":2,"skipped":0,"pct":100}}
,"C:\\Users\\Admin\\NODE-REST-API\\database\\connection.js": {"lines":{"total":22,"covered":14,"skipped":0,"pct":63.63},"functions":{"total":1,"covered":1,"skipped":0,"pct":100},"statements":{"total":22,"covered":14,"skipped":0,"pct":63.63},"branches":{"total":8,"covered":4,"skipped":0,"pct":50}}
,"C:\\Users\\Admin\\NODE-REST-API\\middleware\\authMiddleware.js": {"lines":{"total":23,"covered":3,"skipped":0,"pct":13.04},"functions":{"total":2,"covered":0,"skipped":0,"pct":0},"statements":{"total":23,"covered":3,"skipped":0,"pct":13.04},"branches":{"total":16,"covered":0,"skipped":0,"pct":0}}
,"C:\\Users\\Admin\\NODE-REST-API\\models\\Post.js": {"lines":{"total":4,"covered":4,"skipped":0,"pct":100},"functions":{"total":0,"covered":0,"skipped":0,"pct":100},"statements":{"total":4,"covered":4,"skipped":0,"pct":100},"branches":{"total":0,"covered":0,"skipped":0,"pct":100}}
,"C:\\Users\\Admin\\NODE-REST-API\\models\\User.js": {"lines":{"total":17,"covered":13,"skipped":0,"pct":76.47},"functions":{"total":2,"covered":2,"skipped":0,"pct":100},"statements":{"total":17,"covered":13,"skipped":0,"pct":76.47},"branches":{"total":4,"covered":1,"skipped":0,"pct":25}}
,"C:\\Users\\Admin\\NODE-REST-API\\models\\message.js": {"lines":{"total":4,"covered":4,"skipped":0,"pct":100},"functions":{"total":0,"covered":0,"skipped":0,"pct":100},"statements":{"total":4,"covered":4,"skipped":0,"pct":100},"branches":{"total":0,"covered":0,"skipped":0,"pct":100}}
,"C:\\Users\\Admin\\NODE-REST-API\\routes\\Posts.js": {"lines":{"total":75,"covered":36,"skipped":0,"pct":48},"functions":{"total":26,"covered":11,"skipped":0,"pct":42.3},"statements":{"total":75,"covered":36,"skipped":0,"pct":48},"branches":{"total":20,"covered":5,"skipped":0,"pct":25}}
,"C:\\Users\\Admin\\NODE-REST-API\\routes\\auth.js": {"lines":{"total":27,"covered":19,"skipped":0,"pct":70.37},"functions":{"total":4,"covered":3,"skipped":0,"pct":75},"statements":{"total":27,"covered":19,"skipped":0,"pct":70.37},"branches":{"total":0,"covered":0,"skipped":0,"pct":100}}
,"C:\\Users\\Admin\\NODE-REST-API\\routes\\messages.js": {"lines":{"total":26,"covered":21,"skipped":0,"pct":80.76},"functions":{"total":8,"covered":6,"skipped":0,"pct":75},"statements":{"total":26,"covered":21,"skipped":0,"pct":80.76},"branches":{"total":4,"covered":1,"skipped":0,"pct":25}}
,"C:\\Users\\Admin\\NODE-REST-API\\routes\\users.js": {"lines":{"total":9,"covered":8,"skipped":0,"pct":88.88},"functions":{"total":3,"covered":2,"skipped":0,"pct":66.66},"statements":{"total":9,"covered":8,"skipped":0,"pct":88.88},"branches":{"total":2,"covered":0,"skipped":0,"pct":0}}
}
