TN:
SF:server.js
FN:33,(anonymous_0)
FN:48,(anonymous_1)
FNF:2
FNH:2
FNDA:1,(anonymous_0)
FNDA:1,(anonymous_1)
DA:1,1
DA:3,1
DA:4,1
DA:5,1
DA:6,1
DA:7,1
DA:8,1
DA:9,1
DA:10,1
DA:11,1
DA:16,1
DA:17,1
DA:22,1
DA:23,1
DA:28,1
DA:30,1
DA:34,1
DA:37,1
DA:38,1
DA:39,1
DA:41,1
DA:42,1
DA:43,1
DA:44,1
DA:46,1
DA:48,1
DA:49,1
LF:27
LH:27
BRF:0
BRH:0
end_of_record
TN:
SF:middleware\authMiddleware.js
FN:3,(anonymous_0)
FN:10,(anonymous_1)
FNF:2
FNH:0
FNDA:0,(anonymous_0)
FNDA:0,(anonymous_1)
DA:1,1
DA:3,1
DA:5,0
DA:7,0
DA:9,0
DA:10,0
DA:11,0
DA:13,0
DA:16,0
DA:21,0
DA:25,1
LF:11
LH:3
BRDA:9,0,0,0
BRDA:9,0,1,0
BRDA:11,1,0,0
BRDA:11,1,1,0
BRF:4
BRH:0
end_of_record
TN:
SF:models\Post.js
FNF:0
FNH:0
DA:1,1
DA:4,1
DA:36,1
DA:38,1
LF:4
LH:4
BRF:0
BRH:0
end_of_record
TN:
SF:models\User.js
FN:64,(anonymous_0)
FN:71,(anonymous_1)
FNF:2
FNH:2
FNDA:1,(anonymous_0)
FNDA:1,(anonymous_1)
DA:1,1
DA:2,1
DA:5,1
DA:64,1
DA:66,1
DA:67,1
DA:68,1
DA:71,1
DA:72,1
DA:73,1
DA:75,1
DA:76,1
DA:77,1
DA:78,0
DA:80,0
DA:83,1
DA:84,1
LF:17
LH:15
BRDA:73,0,0,1
BRDA:73,0,1,0
BRDA:76,1,0,1
BRDA:76,1,1,0
BRF:4
BRH:2
end_of_record
TN:
SF:models\message.js
FNF:0
FNH:0
DA:1,1
DA:4,1
DA:30,1
DA:32,1
LF:4
LH:4
BRF:0
BRH:0
end_of_record
TN:
SF:routes\Posts.js
FN:10,(anonymous_0)
FN:28,(anonymous_1)
FN:30,(anonymous_2)
FN:33,(anonymous_3)
FN:40,(anonymous_4)
FN:52,(anonymous_5)
FN:60,(anonymous_6)
FN:62,(anonymous_7)
FN:74,(anonymous_8)
FN:78,(anonymous_9)
FN:86,(anonymous_10)
FN:93,(anonymous_11)
FN:105,(anonymous_12)
FN:109,(anonymous_13)
FN:119,(anonymous_14)
FNF:15
FNH:11
FNDA:3,(anonymous_0)
FNDA:2,(anonymous_1)
FNDA:2,(anonymous_2)
FNDA:0,(anonymous_3)
FNDA:1,(anonymous_4)
FNDA:1,(anonymous_5)
FNDA:1,(anonymous_6)
FNDA:1,(anonymous_7)
FNDA:0,(anonymous_8)
FNDA:0,(anonymous_9)
FNDA:1,(anonymous_10)
FNDA:1,(anonymous_11)
FNDA:1,(anonymous_12)
FNDA:1,(anonymous_13)
FNDA:0,(anonymous_14)
DA:1,1
DA:2,1
DA:4,1
DA:5,1
DA:6,1
DA:7,1
DA:10,1
DA:11,3
DA:18,3
DA:19,3
DA:21,3
DA:24,0
DA:28,1
DA:29,2
DA:31,2
DA:35,0
DA:40,1
DA:41,1
DA:42,1
DA:43,1
DA:46,0
DA:52,1
DA:53,1
DA:54,0
DA:58,1
DA:59,1
DA:61,1
DA:63,1
DA:64,0
DA:67,1
DA:75,0
DA:79,0
DA:86,1
DA:87,1
DA:88,1
DA:90,1
DA:94,1
DA:97,1
DA:105,1
DA:107,1
DA:108,1
DA:110,1
DA:111,0
DA:114,1
DA:120,0
DA:130,1
LF:46
LH:37
BRDA:35,0,0,0
BRDA:35,0,1,0
BRDA:53,1,0,0
BRDA:53,1,1,1
BRDA:63,2,0,0
BRDA:63,2,1,1
BRDA:94,3,0,0
BRDA:94,3,1,1
BRDA:110,4,0,0
BRDA:110,4,1,1
BRF:10
BRH:4
end_of_record
TN:
SF:routes\auth.js
FN:8,(anonymous_0)
FN:13,(anonymous_1)
FN:35,(anonymous_2)
FN:59,(anonymous_3)
FNF:4
FNH:4
FNDA:2,(anonymous_0)
FNDA:1,(anonymous_1)
FNDA:1,(anonymous_2)
FNDA:1,(anonymous_3)
DA:1,1
DA:2,1
DA:3,1
DA:4,1
DA:7,1
DA:8,1
DA:9,2
DA:13,1
DA:14,1
DA:15,1
DA:20,1
DA:21,1
DA:24,1
DA:31,0
DA:35,1
DA:36,1
DA:37,1
DA:38,1
DA:39,1
DA:40,1
DA:41,1
DA:44,1
DA:52,0
DA:59,1
DA:60,1
DA:61,1
DA:78,1
LF:27
LH:25
BRF:0
BRH:0
end_of_record
TN:
SF:routes\messages.js
FN:7,(anonymous_0)
FN:27,(anonymous_1)
FN:29,(anonymous_2)
FN:32,(anonymous_3)
FN:39,(anonymous_4)
FN:52,(anonymous_5)
FN:56,(anonymous_6)
FN:66,(anonymous_7)
FNF:8
FNH:6
FNDA:3,(anonymous_0)
FNDA:2,(anonymous_1)
FNDA:2,(anonymous_2)
FNDA:0,(anonymous_3)
FNDA:1,(anonymous_4)
FNDA:1,(anonymous_5)
FNDA:1,(anonymous_6)
FNDA:0,(anonymous_7)
DA:1,1
DA:2,1
DA:3,1
DA:7,1
DA:8,3
DA:14,3
DA:15,3
DA:16,3
DA:18,3
DA:21,0
DA:27,1
DA:28,2
DA:30,2
DA:34,0
DA:39,1
DA:40,1
DA:41,1
DA:42,1
DA:45,0
DA:54,1
DA:55,1
DA:57,1
DA:58,0
DA:61,1
DA:67,0
DA:74,1
LF:26
LH:21
BRDA:34,0,0,0
BRDA:34,0,1,0
BRDA:57,1,0,0
BRDA:57,1,1,1
BRF:4
BRH:1
end_of_record
TN:
SF:routes\users.js
FN:7,(anonymous_0)
FN:9,(anonymous_1)
FN:12,(anonymous_2)
FNF:3
FNH:2
FNDA:1,(anonymous_0)
FNDA:1,(anonymous_1)
FNDA:0,(anonymous_2)
DA:1,1
DA:2,1
DA:3,1
DA:4,1
DA:7,1
DA:8,1
DA:10,1
DA:14,0
DA:104,1
LF:9
LH:8
BRDA:14,0,0,0
BRDA:14,0,1,0
BRF:2
BRH:0
end_of_record
