TN:
SF:server.js
FN:42,(anonymous_0)
FNF:1
FNH:1
FNDA:1,(anonymous_0)
DA:3,1
DA:5,1
DA:6,1
DA:7,1
DA:9,1
DA:10,1
DA:11,1
DA:12,1
DA:13,1
DA:14,1
DA:15,1
DA:16,1
DA:19,1
DA:20,1
DA:22,1
DA:25,1
DA:26,1
DA:28,1
DA:29,1
DA:31,1
DA:32,1
DA:33,1
DA:35,1
DA:36,1
DA:37,1
DA:38,1
DA:40,1
DA:42,1
DA:43,1
LF:29
LH:29
BRDA:29,0,0,1
BRDA:29,0,1,1
BRF:2
BRH:2
end_of_record
TN:
SF:database\connection.js
FN:31,(anonymous_0)
FNF:1
FNH:1
FNDA:1,(anonymous_0)
DA:1,1
DA:2,1
DA:3,1
DA:20,1
DA:21,0
DA:22,0
DA:23,1
DA:24,1
DA:25,1
DA:27,0
DA:28,0
DA:31,1
DA:32,1
DA:33,1
DA:40,1
DA:41,0
DA:43,1
DA:44,1
DA:47,0
DA:51,0
DA:52,0
DA:56,1
LF:22
LH:14
BRDA:20,0,0,0
BRDA:20,0,1,1
BRDA:23,1,0,1
BRDA:23,1,1,0
BRDA:40,2,0,0
BRDA:40,2,1,1
BRDA:43,3,0,1
BRDA:43,3,1,0
BRF:8
BRH:4
end_of_record
TN:
SF:middleware\authMiddleware.js
FN:3,(anonymous_0)
FN:44,(anonymous_1)
FNF:2
FNH:0
FNDA:0,(anonymous_0)
FNDA:0,(anonymous_1)
DA:1,1
DA:3,1
DA:6,0
DA:7,0
DA:10,0
DA:11,0
DA:18,0
DA:21,0
DA:22,0
DA:23,0
DA:26,0
DA:27,0
DA:28,0
DA:35,0
DA:36,0
DA:40,0
DA:41,0
DA:45,0
DA:47,0
DA:51,0
DA:56,0
DA:59,0
DA:63,1
LF:23
LH:3
BRDA:6,0,0,0
BRDA:6,0,1,0
BRDA:10,1,0,0
BRDA:10,1,1,0
BRDA:21,2,0,0
BRDA:21,2,1,0
BRDA:21,3,0,0
BRDA:21,3,1,0
BRDA:22,4,0,0
BRDA:22,4,1,0
BRDA:26,5,0,0
BRDA:26,5,1,0
BRDA:40,6,0,0
BRDA:40,6,1,0
BRDA:45,7,0,0
BRDA:45,7,1,0
BRF:16
BRH:0
end_of_record
TN:
SF:models\Post.js
FNF:0
FNH:0
DA:1,1
DA:4,1
DA:36,1
DA:38,1
LF:4
LH:4
BRF:0
BRH:0
end_of_record
TN:
SF:models\User.js
FN:40,(anonymous_0)
FN:47,(anonymous_1)
FNF:2
FNH:2
FNDA:1,(anonymous_0)
FNDA:1,(anonymous_1)
DA:1,1
DA:2,1
DA:5,1
DA:40,1
DA:42,1
DA:43,1
DA:44,1
DA:47,1
DA:48,1
DA:49,1
DA:51,0
DA:52,0
DA:53,0
DA:54,0
DA:56,1
DA:59,1
DA:60,1
LF:17
LH:13
BRDA:49,0,0,0
BRDA:49,0,1,1
BRDA:52,1,0,0
BRDA:52,1,1,0
BRF:4
BRH:1
end_of_record
TN:
SF:models\message.js
FNF:0
FNH:0
DA:1,1
DA:4,1
DA:30,1
DA:32,1
LF:4
LH:4
BRF:0
BRH:0
end_of_record
TN:
SF:routes\Posts.js
FN:11,(anonymous_0)
FN:26,(anonymous_1)
FN:35,(anonymous_2)
FN:38,(anonymous_3)
FN:49,(anonymous_4)
FN:53,(anonymous_5)
FN:58,(anonymous_6)
FN:65,(anonymous_7)
FN:77,(anonymous_8)
FN:81,(anonymous_9)
FN:92,(anonymous_10)
FN:101,(anonymous_11)
FN:115,(anonymous_12)
FN:124,(anonymous_13)
FN:127,(anonymous_14)
FN:138,(anonymous_15)
FN:142,(anonymous_16)
FN:149,(anonymous_17)
FN:156,(anonymous_18)
FN:168,(anonymous_19)
FN:172,(anonymous_20)
FN:183,(anonymous_21)
FN:191,(anonymous_22)
FN:193,(anonymous_23)
FN:196,(anonymous_24)
FN:203,(anonymous_25)
FNF:26
FNH:11
FNDA:3,(anonymous_0)
FNDA:1,(anonymous_1)
FNDA:1,(anonymous_2)
FNDA:1,(anonymous_3)
FNDA:0,(anonymous_4)
FNDA:0,(anonymous_5)
FNDA:1,(anonymous_6)
FNDA:1,(anonymous_7)
FNDA:1,(anonymous_8)
FNDA:1,(anonymous_9)
FNDA:0,(anonymous_10)
FNDA:0,(anonymous_11)
FNDA:0,(anonymous_12)
FNDA:0,(anonymous_13)
FNDA:0,(anonymous_14)
FNDA:0,(anonymous_15)
FNDA:0,(anonymous_16)
FNDA:0,(anonymous_17)
FNDA:0,(anonymous_18)
FNDA:0,(anonymous_19)
FNDA:0,(anonymous_20)
FNDA:0,(anonymous_21)
FNDA:2,(anonymous_22)
FNDA:2,(anonymous_23)
FNDA:0,(anonymous_24)
FNDA:1,(anonymous_25)
DA:1,1
DA:2,1
DA:5,1
DA:7,1
DA:10,1
DA:11,1
DA:12,3
DA:18,3
DA:19,3
DA:20,3
DA:22,0
DA:26,1
DA:27,1
DA:28,0
DA:32,1
DA:33,1
DA:36,1
DA:39,1
DA:40,0
DA:42,1
DA:50,0
DA:54,0
DA:58,1
DA:59,1
DA:60,1
DA:62,1
DA:66,1
DA:69,1
DA:77,1
DA:78,1
DA:79,1
DA:82,1
DA:83,0
DA:87,1
DA:93,0
DA:101,0
DA:102,0
DA:107,0
DA:108,0
DA:109,0
DA:111,0
DA:115,0
DA:116,0
DA:117,0
DA:121,0
DA:122,0
DA:125,0
DA:128,0
DA:129,0
DA:131,0
DA:139,0
DA:143,0
DA:149,0
DA:150,0
DA:151,0
DA:153,0
DA:157,0
DA:160,0
DA:168,0
DA:169,0
DA:170,0
DA:173,0
DA:174,0
DA:178,0
DA:184,0
DA:191,1
DA:192,2
DA:194,2
DA:198,0
DA:203,1
DA:204,1
DA:205,1
DA:206,1
DA:209,0
DA:229,1
LF:75
LH:36
BRDA:10,0,0,1
BRDA:10,0,1,0
BRDA:27,1,0,0
BRDA:27,1,1,1
BRDA:39,2,0,0
BRDA:39,2,1,1
BRDA:66,3,0,0
BRDA:66,3,1,1
BRDA:82,4,0,0
BRDA:82,4,1,1
BRDA:116,5,0,0
BRDA:116,5,1,0
BRDA:128,6,0,0
BRDA:128,6,1,0
BRDA:157,7,0,0
BRDA:157,7,1,0
BRDA:173,8,0,0
BRDA:173,8,1,0
BRDA:198,9,0,0
BRDA:198,9,1,0
BRF:20
BRH:5
end_of_record
TN:
SF:routes\auth.js
FN:8,(anonymous_0)
FN:13,(anonymous_1)
FN:35,(anonymous_2)
FN:59,(anonymous_3)
FNF:4
FNH:3
FNDA:0,(anonymous_0)
FNDA:1,(anonymous_1)
FNDA:1,(anonymous_2)
FNDA:1,(anonymous_3)
DA:1,1
DA:2,1
DA:3,1
DA:4,1
DA:7,1
DA:8,1
DA:9,0
DA:13,1
DA:14,1
DA:15,1
DA:20,0
DA:21,0
DA:24,0
DA:31,1
DA:35,1
DA:36,1
DA:37,1
DA:38,1
DA:39,0
DA:40,0
DA:41,0
DA:44,0
DA:52,1
DA:59,1
DA:60,1
DA:61,1
DA:78,1
LF:27
LH:19
BRF:0
BRH:0
end_of_record
TN:
SF:routes\messages.js
FN:7,(anonymous_0)
FN:27,(anonymous_1)
FN:29,(anonymous_2)
FN:32,(anonymous_3)
FN:39,(anonymous_4)
FN:52,(anonymous_5)
FN:56,(anonymous_6)
FN:66,(anonymous_7)
FNF:8
FNH:6
FNDA:3,(anonymous_0)
FNDA:2,(anonymous_1)
FNDA:2,(anonymous_2)
FNDA:0,(anonymous_3)
FNDA:1,(anonymous_4)
FNDA:1,(anonymous_5)
FNDA:1,(anonymous_6)
FNDA:0,(anonymous_7)
DA:1,1
DA:2,1
DA:3,1
DA:7,1
DA:8,3
DA:14,3
DA:15,3
DA:16,3
DA:18,3
DA:21,0
DA:27,1
DA:28,2
DA:30,2
DA:34,0
DA:39,1
DA:40,1
DA:41,1
DA:42,1
DA:45,0
DA:54,1
DA:55,1
DA:57,1
DA:58,0
DA:61,1
DA:67,0
DA:74,1
LF:26
LH:21
BRDA:34,0,0,0
BRDA:34,0,1,0
BRDA:57,1,0,0
BRDA:57,1,1,1
BRF:4
BRH:1
end_of_record
TN:
SF:routes\users.js
FN:7,(anonymous_0)
FN:9,(anonymous_1)
FN:12,(anonymous_2)
FNF:3
FNH:2
FNDA:1,(anonymous_0)
FNDA:1,(anonymous_1)
FNDA:0,(anonymous_2)
DA:1,1
DA:2,1
DA:3,1
DA:4,1
DA:7,1
DA:8,1
DA:10,1
DA:14,0
DA:104,1
LF:9
LH:8
BRDA:14,0,0,0
BRDA:14,0,1,0
BRF:2
BRH:0
end_of_record
